<?xml version="1.0" encoding="UTF-8"?>
<testsuite xmlns:xsi="http://www.w3.org/2001/XMLSchema-instance" xsi:noNamespaceSchemaLocation="https://maven.apache.org/surefire/maven-surefire-plugin/xsd/surefire-test-report.xsd" name="com.itheima.test.UploadFileTest" time="0.02" tests="1" errors="0" skipped="0" failures="0">
  <properties>
    <property name="gopherProxySet" value="false"/>
    <property name="awt.toolkit" value="sun.lwawt.macosx.LWCToolkit"/>
    <property name="file.encoding.pkg" value="sun.io"/>
    <property name="java.specification.version" value="1.8"/>
    <property name="sun.cpu.isalist" value=""/>
    <property name="sun.jnu.encoding" value="UTF-8"/>
    <property name="java.class.path" value="/Users/panyiming/Desktop/笔试面试/瑞吉外卖/reggie_take_out/target/test-classes:/Users/panyiming/Desktop/笔试面试/瑞吉外卖/reggie_take_out/target/classes:/Users/panyiming/Maven/apache-maven-3.6.3/maven-repo/org/springframework/boot/spring-boot-starter/2.4.5/spring-boot-starter-2.4.5.jar:/Users/panyiming/Maven/apache-maven-3.6.3/maven-repo/org/springframework/boot/spring-boot/2.4.5/spring-boot-2.4.5.jar:/Users/panyiming/Maven/apache-maven-3.6.3/maven-repo/org/springframework/spring-context/5.3.6/spring-context-5.3.6.jar:/Users/panyiming/Maven/apache-maven-3.6.3/maven-repo/org/springframework/boot/spring-boot-autoconfigure/2.4.5/spring-boot-autoconfigure-2.4.5.jar:/Users/panyiming/Maven/apache-maven-3.6.3/maven-repo/org/springframework/boot/spring-boot-starter-logging/2.4.5/spring-boot-starter-logging-2.4.5.jar:/Users/panyiming/Maven/apache-maven-3.6.3/maven-repo/ch/qos/logback/logback-classic/1.2.3/logback-classic-1.2.3.jar:/Users/panyiming/Maven/apache-maven-3.6.3/maven-repo/ch/qos/logback/logback-core/1.2.3/logback-core-1.2.3.jar:/Users/panyiming/Maven/apache-maven-3.6.3/maven-repo/org/apache/logging/log4j/log4j-to-slf4j/2.13.3/log4j-to-slf4j-2.13.3.jar:/Users/panyiming/Maven/apache-maven-3.6.3/maven-repo/org/apache/logging/log4j/log4j-api/2.13.3/log4j-api-2.13.3.jar:/Users/panyiming/Maven/apache-maven-3.6.3/maven-repo/org/slf4j/jul-to-slf4j/1.7.30/jul-to-slf4j-1.7.30.jar:/Users/panyiming/Maven/apache-maven-3.6.3/maven-repo/jakarta/annotation/jakarta.annotation-api/1.3.5/jakarta.annotation-api-1.3.5.jar:/Users/panyiming/Maven/apache-maven-3.6.3/maven-repo/org/springframework/spring-core/5.3.6/spring-core-5.3.6.jar:/Users/panyiming/Maven/apache-maven-3.6.3/maven-repo/org/springframework/spring-jcl/5.3.6/spring-jcl-5.3.6.jar:/Users/panyiming/Maven/apache-maven-3.6.3/maven-repo/org/yaml/snakeyaml/1.27/snakeyaml-1.27.jar:/Users/panyiming/Maven/apache-maven-3.6.3/maven-repo/org/springframework/boot/spring-boot-starter-test/2.4.5/spring-boot-starter-test-2.4.5.jar:/Users/panyiming/Maven/apache-maven-3.6.3/maven-repo/org/springframework/boot/spring-boot-test/2.4.5/spring-boot-test-2.4.5.jar:/Users/panyiming/Maven/apache-maven-3.6.3/maven-repo/org/springframework/boot/spring-boot-test-autoconfigure/2.4.5/spring-boot-test-autoconfigure-2.4.5.jar:/Users/panyiming/Maven/apache-maven-3.6.3/maven-repo/com/jayway/jsonpath/json-path/2.4.0/json-path-2.4.0.jar:/Users/panyiming/Maven/apache-maven-3.6.3/maven-repo/net/minidev/json-smart/2.3/json-smart-2.3.jar:/Users/panyiming/Maven/apache-maven-3.6.3/maven-repo/net/minidev/accessors-smart/1.2/accessors-smart-1.2.jar:/Users/panyiming/Maven/apache-maven-3.6.3/maven-repo/org/ow2/asm/asm/5.0.4/asm-5.0.4.jar:/Users/panyiming/Maven/apache-maven-3.6.3/maven-repo/jakarta/xml/bind/jakarta.xml.bind-api/2.3.3/jakarta.xml.bind-api-2.3.3.jar:/Users/panyiming/Maven/apache-maven-3.6.3/maven-repo/jakarta/activation/jakarta.activation-api/1.2.2/jakarta.activation-api-1.2.2.jar:/Users/panyiming/Maven/apache-maven-3.6.3/maven-repo/org/assertj/assertj-core/3.18.1/assertj-core-3.18.1.jar:/Users/panyiming/Maven/apache-maven-3.6.3/maven-repo/org/hamcrest/hamcrest/2.2/hamcrest-2.2.jar:/Users/panyiming/Maven/apache-maven-3.6.3/maven-repo/org/junit/jupiter/junit-jupiter/5.7.1/junit-jupiter-5.7.1.jar:/Users/panyiming/Maven/apache-maven-3.6.3/maven-repo/org/junit/jupiter/junit-jupiter-api/5.7.1/junit-jupiter-api-5.7.1.jar:/Users/panyiming/Maven/apache-maven-3.6.3/maven-repo/org/apiguardian/apiguardian-api/1.1.0/apiguardian-api-1.1.0.jar:/Users/panyiming/Maven/apache-maven-3.6.3/maven-repo/org/opentest4j/opentest4j/1.2.0/opentest4j-1.2.0.jar:/Users/panyiming/Maven/apache-maven-3.6.3/maven-repo/org/junit/platform/junit-platform-commons/1.7.1/junit-platform-commons-1.7.1.jar:/Users/panyiming/Maven/apache-maven-3.6.3/maven-repo/org/junit/jupiter/junit-jupiter-params/5.7.1/junit-jupiter-params-5.7.1.jar:/Users/panyiming/Maven/apache-maven-3.6.3/maven-repo/org/junit/jupiter/junit-jupiter-engine/5.7.1/junit-jupiter-engine-5.7.1.jar:/Users/panyiming/Maven/apache-maven-3.6.3/maven-repo/org/junit/platform/junit-platform-engine/1.7.1/junit-platform-engine-1.7.1.jar:/Users/panyiming/Maven/apache-maven-3.6.3/maven-repo/org/mockito/mockito-core/3.6.28/mockito-core-3.6.28.jar:/Users/panyiming/Maven/apache-maven-3.6.3/maven-repo/net/bytebuddy/byte-buddy/1.10.22/byte-buddy-1.10.22.jar:/Users/panyiming/Maven/apache-maven-3.6.3/maven-repo/net/bytebuddy/byte-buddy-agent/1.10.22/byte-buddy-agent-1.10.22.jar:/Users/panyiming/Maven/apache-maven-3.6.3/maven-repo/org/objenesis/objenesis/3.1/objenesis-3.1.jar:/Users/panyiming/Maven/apache-maven-3.6.3/maven-repo/org/mockito/mockito-junit-jupiter/3.6.28/mockito-junit-jupiter-3.6.28.jar:/Users/panyiming/Maven/apache-maven-3.6.3/maven-repo/org/skyscreamer/jsonassert/1.5.0/jsonassert-1.5.0.jar:/Users/panyiming/Maven/apache-maven-3.6.3/maven-repo/com/vaadin/external/google/android-json/0.0.20131108.vaadin1/android-json-0.0.20131108.vaadin1.jar:/Users/panyiming/Maven/apache-maven-3.6.3/maven-repo/org/springframework/spring-test/5.3.6/spring-test-5.3.6.jar:/Users/panyiming/Maven/apache-maven-3.6.3/maven-repo/org/xmlunit/xmlunit-core/2.7.0/xmlunit-core-2.7.0.jar:/Users/panyiming/Maven/apache-maven-3.6.3/maven-repo/org/springframework/boot/spring-boot-starter-web/2.4.5/spring-boot-starter-web-2.4.5.jar:/Users/panyiming/Maven/apache-maven-3.6.3/maven-repo/org/springframework/boot/spring-boot-starter-json/2.4.5/spring-boot-starter-json-2.4.5.jar:/Users/panyiming/Maven/apache-maven-3.6.3/maven-repo/com/fasterxml/jackson/core/jackson-databind/2.11.4/jackson-databind-2.11.4.jar:/Users/panyiming/Maven/apache-maven-3.6.3/maven-repo/com/fasterxml/jackson/core/jackson-annotations/2.11.4/jackson-annotations-2.11.4.jar:/Users/panyiming/Maven/apache-maven-3.6.3/maven-repo/com/fasterxml/jackson/core/jackson-core/2.11.4/jackson-core-2.11.4.jar:/Users/panyiming/Maven/apache-maven-3.6.3/maven-repo/com/fasterxml/jackson/datatype/jackson-datatype-jdk8/2.11.4/jackson-datatype-jdk8-2.11.4.jar:/Users/panyiming/Maven/apache-maven-3.6.3/maven-repo/com/fasterxml/jackson/datatype/jackson-datatype-jsr310/2.11.4/jackson-datatype-jsr310-2.11.4.jar:/Users/panyiming/Maven/apache-maven-3.6.3/maven-repo/com/fasterxml/jackson/module/jackson-module-parameter-names/2.11.4/jackson-module-parameter-names-2.11.4.jar:/Users/panyiming/Maven/apache-maven-3.6.3/maven-repo/org/springframework/boot/spring-boot-starter-tomcat/2.4.5/spring-boot-starter-tomcat-2.4.5.jar:/Users/panyiming/Maven/apache-maven-3.6.3/maven-repo/org/apache/tomcat/embed/tomcat-embed-core/9.0.45/tomcat-embed-core-9.0.45.jar:/Users/panyiming/Maven/apache-maven-3.6.3/maven-repo/org/glassfish/jakarta.el/3.0.3/jakarta.el-3.0.3.jar:/Users/panyiming/Maven/apache-maven-3.6.3/maven-repo/org/apache/tomcat/embed/tomcat-embed-websocket/9.0.45/tomcat-embed-websocket-9.0.45.jar:/Users/panyiming/Maven/apache-maven-3.6.3/maven-repo/org/springframework/spring-web/5.3.6/spring-web-5.3.6.jar:/Users/panyiming/Maven/apache-maven-3.6.3/maven-repo/org/springframework/spring-beans/5.3.6/spring-beans-5.3.6.jar:/Users/panyiming/Maven/apache-maven-3.6.3/maven-repo/org/springframework/spring-webmvc/5.3.6/spring-webmvc-5.3.6.jar:/Users/panyiming/Maven/apache-maven-3.6.3/maven-repo/org/springframework/spring-aop/5.3.6/spring-aop-5.3.6.jar:/Users/panyiming/Maven/apache-maven-3.6.3/maven-repo/org/springframework/spring-expression/5.3.6/spring-expression-5.3.6.jar:/Users/panyiming/Maven/apache-maven-3.6.3/maven-repo/com/baomidou/mybatis-plus-boot-starter/3.4.2/mybatis-plus-boot-starter-3.4.2.jar:/Users/panyiming/Maven/apache-maven-3.6.3/maven-repo/com/baomidou/mybatis-plus/3.4.2/mybatis-plus-3.4.2.jar:/Users/panyiming/Maven/apache-maven-3.6.3/maven-repo/com/baomidou/mybatis-plus-extension/3.4.2/mybatis-plus-extension-3.4.2.jar:/Users/panyiming/Maven/apache-maven-3.6.3/maven-repo/com/baomidou/mybatis-plus-core/3.4.2/mybatis-plus-core-3.4.2.jar:/Users/panyiming/Maven/apache-maven-3.6.3/maven-repo/com/baomidou/mybatis-plus-annotation/3.4.2/mybatis-plus-annotation-3.4.2.jar:/Users/panyiming/Maven/apache-maven-3.6.3/maven-repo/com/github/jsqlparser/jsqlparser/4.0/jsqlparser-4.0.jar:/Users/panyiming/Maven/apache-maven-3.6.3/maven-repo/org/mybatis/mybatis/3.5.6/mybatis-3.5.6.jar:/Users/panyiming/Maven/apache-maven-3.6.3/maven-repo/org/mybatis/mybatis-spring/2.0.5/mybatis-spring-2.0.5.jar:/Users/panyiming/Maven/apache-maven-3.6.3/maven-repo/org/springframework/boot/spring-boot-starter-jdbc/2.4.5/spring-boot-starter-jdbc-2.4.5.jar:/Users/panyiming/Maven/apache-maven-3.6.3/maven-repo/com/zaxxer/HikariCP/3.4.5/HikariCP-3.4.5.jar:/Users/panyiming/Maven/apache-maven-3.6.3/maven-repo/org/springframework/spring-jdbc/5.3.6/spring-jdbc-5.3.6.jar:/Users/panyiming/Maven/apache-maven-3.6.3/maven-repo/org/springframework/spring-tx/5.3.6/spring-tx-5.3.6.jar:/Users/panyiming/Maven/apache-maven-3.6.3/maven-repo/org/springframework/boot/spring-boot-starter-mail/2.2.6.RELEASE/spring-boot-starter-mail-2.2.6.RELEASE.jar:/Users/panyiming/Maven/apache-maven-3.6.3/maven-repo/org/springframework/spring-context-support/5.3.6/spring-context-support-5.3.6.jar:/Users/panyiming/Maven/apache-maven-3.6.3/maven-repo/com/sun/mail/jakarta.mail/1.6.7/jakarta.mail-1.6.7.jar:/Users/panyiming/Maven/apache-maven-3.6.3/maven-repo/com/sun/activation/jakarta.activation/1.2.2/jakarta.activation-1.2.2.jar:/Users/panyiming/Maven/apache-maven-3.6.3/maven-repo/com/aliyun/aliyun-java-sdk-core/4.5.16/aliyun-java-sdk-core-4.5.16.jar:/Users/panyiming/Maven/apache-maven-3.6.3/maven-repo/com/google/code/gson/gson/2.8.6/gson-2.8.6.jar:/Users/panyiming/Maven/apache-maven-3.6.3/maven-repo/org/apache/httpcomponents/httpclient/4.5.13/httpclient-4.5.13.jar:/Users/panyiming/Maven/apache-maven-3.6.3/maven-repo/commons-codec/commons-codec/1.15/commons-codec-1.15.jar:/Users/panyiming/Maven/apache-maven-3.6.3/maven-repo/org/apache/httpcomponents/httpcore/4.4.14/httpcore-4.4.14.jar:/Users/panyiming/Maven/apache-maven-3.6.3/maven-repo/commons-logging/commons-logging/1.2/commons-logging-1.2.jar:/Users/panyiming/Maven/apache-maven-3.6.3/maven-repo/javax/xml/bind/jaxb-api/2.3.1/jaxb-api-2.3.1.jar:/Users/panyiming/Maven/apache-maven-3.6.3/maven-repo/javax/activation/javax.activation-api/1.2.0/javax.activation-api-1.2.0.jar:/Users/panyiming/Maven/apache-maven-3.6.3/maven-repo/org/jacoco/org.jacoco.agent/0.8.6/org.jacoco.agent-0.8.6-runtime.jar:/Users/panyiming/Maven/apache-maven-3.6.3/maven-repo/org/ini4j/ini4j/0.5.4/ini4j-0.5.4.jar:/Users/panyiming/Maven/apache-maven-3.6.3/maven-repo/org/slf4j/slf4j-api/1.7.30/slf4j-api-1.7.30.jar:/Users/panyiming/Maven/apache-maven-3.6.3/maven-repo/io/opentracing/opentracing-api/0.33.0/opentracing-api-0.33.0.jar:/Users/panyiming/Maven/apache-maven-3.6.3/maven-repo/io/opentracing/opentracing-util/0.33.0/opentracing-util-0.33.0.jar:/Users/panyiming/Maven/apache-maven-3.6.3/maven-repo/io/opentracing/opentracing-noop/0.33.0/opentracing-noop-0.33.0.jar:/Users/panyiming/Maven/apache-maven-3.6.3/maven-repo/com/aliyun/aliyun-java-sdk-dysmsapi/2.1.0/aliyun-java-sdk-dysmsapi-2.1.0.jar:/Users/panyiming/Maven/apache-maven-3.6.3/maven-repo/org/projectlombok/lombok/1.18.20/lombok-1.18.20.jar:/Users/panyiming/Maven/apache-maven-3.6.3/maven-repo/com/alibaba/fastjson/1.2.76/fastjson-1.2.76.jar:/Users/panyiming/Maven/apache-maven-3.6.3/maven-repo/commons-lang/commons-lang/2.6/commons-lang-2.6.jar:/Users/panyiming/Maven/apache-maven-3.6.3/maven-repo/mysql/mysql-connector-java/8.0.23/mysql-connector-java-8.0.23.jar:/Users/panyiming/Maven/apache-maven-3.6.3/maven-repo/com/alibaba/druid-spring-boot-starter/1.1.23/druid-spring-boot-starter-1.1.23.jar:/Users/panyiming/Maven/apache-maven-3.6.3/maven-repo/com/alibaba/druid/1.1.23/druid-1.1.23.jar:"/>
    <property name="java.vm.vendor" value="Azul Systems, Inc."/>
    <property name="sun.arch.data.model" value="64"/>
    <property name="java.vendor.url" value="http://www.azul.com/"/>
    <property name="user.timezone" value=""/>
    <property name="java.vm.specification.version" value="1.8"/>
    <property name="os.name" value="Mac OS X"/>
    <property name="user.country" value="CN"/>
    <property name="sun.java.launcher" value="SUN_STANDARD"/>
    <property name="sun.boot.library.path" value="/Library/Java/JavaVirtualMachines/zulu-8.jdk/Contents/Home/jre/lib"/>
    <property name="sun.java.command" value="/Users/panyiming/Desktop/笔试面试/瑞吉外卖/reggie_take_out/target/surefire/surefirebooter7262857787745414399.jar /Users/panyiming/Desktop/笔试面试/瑞吉外卖/reggie_take_out/target/surefire 2022-06-27T11-00-45_951-jvmRun1 surefire3126049609422828286tmp surefire_01415586662930513618tmp"/>
    <property name="http.nonProxyHosts" value="local|*.local|169.254/16|*.169.254/16"/>
    <property name="surefire.test.class.path" value="/Users/panyiming/Desktop/笔试面试/瑞吉外卖/reggie_take_out/target/test-classes:/Users/panyiming/Desktop/笔试面试/瑞吉外卖/reggie_take_out/target/classes:/Users/panyiming/Maven/apache-maven-3.6.3/maven-repo/org/springframework/boot/spring-boot-starter/2.4.5/spring-boot-starter-2.4.5.jar:/Users/panyiming/Maven/apache-maven-3.6.3/maven-repo/org/springframework/boot/spring-boot/2.4.5/spring-boot-2.4.5.jar:/Users/panyiming/Maven/apache-maven-3.6.3/maven-repo/org/springframework/spring-context/5.3.6/spring-context-5.3.6.jar:/Users/panyiming/Maven/apache-maven-3.6.3/maven-repo/org/springframework/boot/spring-boot-autoconfigure/2.4.5/spring-boot-autoconfigure-2.4.5.jar:/Users/panyiming/Maven/apache-maven-3.6.3/maven-repo/org/springframework/boot/spring-boot-starter-logging/2.4.5/spring-boot-starter-logging-2.4.5.jar:/Users/panyiming/Maven/apache-maven-3.6.3/maven-repo/ch/qos/logback/logback-classic/1.2.3/logback-classic-1.2.3.jar:/Users/panyiming/Maven/apache-maven-3.6.3/maven-repo/ch/qos/logback/logback-core/1.2.3/logback-core-1.2.3.jar:/Users/panyiming/Maven/apache-maven-3.6.3/maven-repo/org/apache/logging/log4j/log4j-to-slf4j/2.13.3/log4j-to-slf4j-2.13.3.jar:/Users/panyiming/Maven/apache-maven-3.6.3/maven-repo/org/apache/logging/log4j/log4j-api/2.13.3/log4j-api-2.13.3.jar:/Users/panyiming/Maven/apache-maven-3.6.3/maven-repo/org/slf4j/jul-to-slf4j/1.7.30/jul-to-slf4j-1.7.30.jar:/Users/panyiming/Maven/apache-maven-3.6.3/maven-repo/jakarta/annotation/jakarta.annotation-api/1.3.5/jakarta.annotation-api-1.3.5.jar:/Users/panyiming/Maven/apache-maven-3.6.3/maven-repo/org/springframework/spring-core/5.3.6/spring-core-5.3.6.jar:/Users/panyiming/Maven/apache-maven-3.6.3/maven-repo/org/springframework/spring-jcl/5.3.6/spring-jcl-5.3.6.jar:/Users/panyiming/Maven/apache-maven-3.6.3/maven-repo/org/yaml/snakeyaml/1.27/snakeyaml-1.27.jar:/Users/panyiming/Maven/apache-maven-3.6.3/maven-repo/org/springframework/boot/spring-boot-starter-test/2.4.5/spring-boot-starter-test-2.4.5.jar:/Users/panyiming/Maven/apache-maven-3.6.3/maven-repo/org/springframework/boot/spring-boot-test/2.4.5/spring-boot-test-2.4.5.jar:/Users/panyiming/Maven/apache-maven-3.6.3/maven-repo/org/springframework/boot/spring-boot-test-autoconfigure/2.4.5/spring-boot-test-autoconfigure-2.4.5.jar:/Users/panyiming/Maven/apache-maven-3.6.3/maven-repo/com/jayway/jsonpath/json-path/2.4.0/json-path-2.4.0.jar:/Users/panyiming/Maven/apache-maven-3.6.3/maven-repo/net/minidev/json-smart/2.3/json-smart-2.3.jar:/Users/panyiming/Maven/apache-maven-3.6.3/maven-repo/net/minidev/accessors-smart/1.2/accessors-smart-1.2.jar:/Users/panyiming/Maven/apache-maven-3.6.3/maven-repo/org/ow2/asm/asm/5.0.4/asm-5.0.4.jar:/Users/panyiming/Maven/apache-maven-3.6.3/maven-repo/jakarta/xml/bind/jakarta.xml.bind-api/2.3.3/jakarta.xml.bind-api-2.3.3.jar:/Users/panyiming/Maven/apache-maven-3.6.3/maven-repo/jakarta/activation/jakarta.activation-api/1.2.2/jakarta.activation-api-1.2.2.jar:/Users/panyiming/Maven/apache-maven-3.6.3/maven-repo/org/assertj/assertj-core/3.18.1/assertj-core-3.18.1.jar:/Users/panyiming/Maven/apache-maven-3.6.3/maven-repo/org/hamcrest/hamcrest/2.2/hamcrest-2.2.jar:/Users/panyiming/Maven/apache-maven-3.6.3/maven-repo/org/junit/jupiter/junit-jupiter/5.7.1/junit-jupiter-5.7.1.jar:/Users/panyiming/Maven/apache-maven-3.6.3/maven-repo/org/junit/jupiter/junit-jupiter-api/5.7.1/junit-jupiter-api-5.7.1.jar:/Users/panyiming/Maven/apache-maven-3.6.3/maven-repo/org/apiguardian/apiguardian-api/1.1.0/apiguardian-api-1.1.0.jar:/Users/panyiming/Maven/apache-maven-3.6.3/maven-repo/org/opentest4j/opentest4j/1.2.0/opentest4j-1.2.0.jar:/Users/panyiming/Maven/apache-maven-3.6.3/maven-repo/org/junit/platform/junit-platform-commons/1.7.1/junit-platform-commons-1.7.1.jar:/Users/panyiming/Maven/apache-maven-3.6.3/maven-repo/org/junit/jupiter/junit-jupiter-params/5.7.1/junit-jupiter-params-5.7.1.jar:/Users/panyiming/Maven/apache-maven-3.6.3/maven-repo/org/junit/jupiter/junit-jupiter-engine/5.7.1/junit-jupiter-engine-5.7.1.jar:/Users/panyiming/Maven/apache-maven-3.6.3/maven-repo/org/junit/platform/junit-platform-engine/1.7.1/junit-platform-engine-1.7.1.jar:/Users/panyiming/Maven/apache-maven-3.6.3/maven-repo/org/mockito/mockito-core/3.6.28/mockito-core-3.6.28.jar:/Users/panyiming/Maven/apache-maven-3.6.3/maven-repo/net/bytebuddy/byte-buddy/1.10.22/byte-buddy-1.10.22.jar:/Users/panyiming/Maven/apache-maven-3.6.3/maven-repo/net/bytebuddy/byte-buddy-agent/1.10.22/byte-buddy-agent-1.10.22.jar:/Users/panyiming/Maven/apache-maven-3.6.3/maven-repo/org/objenesis/objenesis/3.1/objenesis-3.1.jar:/Users/panyiming/Maven/apache-maven-3.6.3/maven-repo/org/mockito/mockito-junit-jupiter/3.6.28/mockito-junit-jupiter-3.6.28.jar:/Users/panyiming/Maven/apache-maven-3.6.3/maven-repo/org/skyscreamer/jsonassert/1.5.0/jsonassert-1.5.0.jar:/Users/panyiming/Maven/apache-maven-3.6.3/maven-repo/com/vaadin/external/google/android-json/0.0.20131108.vaadin1/android-json-0.0.20131108.vaadin1.jar:/Users/panyiming/Maven/apache-maven-3.6.3/maven-repo/org/springframework/spring-test/5.3.6/spring-test-5.3.6.jar:/Users/panyiming/Maven/apache-maven-3.6.3/maven-repo/org/xmlunit/xmlunit-core/2.7.0/xmlunit-core-2.7.0.jar:/Users/panyiming/Maven/apache-maven-3.6.3/maven-repo/org/springframework/boot/spring-boot-starter-web/2.4.5/spring-boot-starter-web-2.4.5.jar:/Users/panyiming/Maven/apache-maven-3.6.3/maven-repo/org/springframework/boot/spring-boot-starter-json/2.4.5/spring-boot-starter-json-2.4.5.jar:/Users/panyiming/Maven/apache-maven-3.6.3/maven-repo/com/fasterxml/jackson/core/jackson-databind/2.11.4/jackson-databind-2.11.4.jar:/Users/panyiming/Maven/apache-maven-3.6.3/maven-repo/com/fasterxml/jackson/core/jackson-annotations/2.11.4/jackson-annotations-2.11.4.jar:/Users/panyiming/Maven/apache-maven-3.6.3/maven-repo/com/fasterxml/jackson/core/jackson-core/2.11.4/jackson-core-2.11.4.jar:/Users/panyiming/Maven/apache-maven-3.6.3/maven-repo/com/fasterxml/jackson/datatype/jackson-datatype-jdk8/2.11.4/jackson-datatype-jdk8-2.11.4.jar:/Users/panyiming/Maven/apache-maven-3.6.3/maven-repo/com/fasterxml/jackson/datatype/jackson-datatype-jsr310/2.11.4/jackson-datatype-jsr310-2.11.4.jar:/Users/panyiming/Maven/apache-maven-3.6.3/maven-repo/com/fasterxml/jackson/module/jackson-module-parameter-names/2.11.4/jackson-module-parameter-names-2.11.4.jar:/Users/panyiming/Maven/apache-maven-3.6.3/maven-repo/org/springframework/boot/spring-boot-starter-tomcat/2.4.5/spring-boot-starter-tomcat-2.4.5.jar:/Users/panyiming/Maven/apache-maven-3.6.3/maven-repo/org/apache/tomcat/embed/tomcat-embed-core/9.0.45/tomcat-embed-core-9.0.45.jar:/Users/panyiming/Maven/apache-maven-3.6.3/maven-repo/org/glassfish/jakarta.el/3.0.3/jakarta.el-3.0.3.jar:/Users/panyiming/Maven/apache-maven-3.6.3/maven-repo/org/apache/tomcat/embed/tomcat-embed-websocket/9.0.45/tomcat-embed-websocket-9.0.45.jar:/Users/panyiming/Maven/apache-maven-3.6.3/maven-repo/org/springframework/spring-web/5.3.6/spring-web-5.3.6.jar:/Users/panyiming/Maven/apache-maven-3.6.3/maven-repo/org/springframework/spring-beans/5.3.6/spring-beans-5.3.6.jar:/Users/panyiming/Maven/apache-maven-3.6.3/maven-repo/org/springframework/spring-webmvc/5.3.6/spring-webmvc-5.3.6.jar:/Users/panyiming/Maven/apache-maven-3.6.3/maven-repo/org/springframework/spring-aop/5.3.6/spring-aop-5.3.6.jar:/Users/panyiming/Maven/apache-maven-3.6.3/maven-repo/org/springframework/spring-expression/5.3.6/spring-expression-5.3.6.jar:/Users/panyiming/Maven/apache-maven-3.6.3/maven-repo/com/baomidou/mybatis-plus-boot-starter/3.4.2/mybatis-plus-boot-starter-3.4.2.jar:/Users/panyiming/Maven/apache-maven-3.6.3/maven-repo/com/baomidou/mybatis-plus/3.4.2/mybatis-plus-3.4.2.jar:/Users/panyiming/Maven/apache-maven-3.6.3/maven-repo/com/baomidou/mybatis-plus-extension/3.4.2/mybatis-plus-extension-3.4.2.jar:/Users/panyiming/Maven/apache-maven-3.6.3/maven-repo/com/baomidou/mybatis-plus-core/3.4.2/mybatis-plus-core-3.4.2.jar:/Users/panyiming/Maven/apache-maven-3.6.3/maven-repo/com/baomidou/mybatis-plus-annotation/3.4.2/mybatis-plus-annotation-3.4.2.jar:/Users/panyiming/Maven/apache-maven-3.6.3/maven-repo/com/github/jsqlparser/jsqlparser/4.0/jsqlparser-4.0.jar:/Users/panyiming/Maven/apache-maven-3.6.3/maven-repo/org/mybatis/mybatis/3.5.6/mybatis-3.5.6.jar:/Users/panyiming/Maven/apache-maven-3.6.3/maven-repo/org/mybatis/mybatis-spring/2.0.5/mybatis-spring-2.0.5.jar:/Users/panyiming/Maven/apache-maven-3.6.3/maven-repo/org/springframework/boot/spring-boot-starter-jdbc/2.4.5/spring-boot-starter-jdbc-2.4.5.jar:/Users/panyiming/Maven/apache-maven-3.6.3/maven-repo/com/zaxxer/HikariCP/3.4.5/HikariCP-3.4.5.jar:/Users/panyiming/Maven/apache-maven-3.6.3/maven-repo/org/springframework/spring-jdbc/5.3.6/spring-jdbc-5.3.6.jar:/Users/panyiming/Maven/apache-maven-3.6.3/maven-repo/org/springframework/spring-tx/5.3.6/spring-tx-5.3.6.jar:/Users/panyiming/Maven/apache-maven-3.6.3/maven-repo/org/springframework/boot/spring-boot-starter-mail/2.2.6.RELEASE/spring-boot-starter-mail-2.2.6.RELEASE.jar:/Users/panyiming/Maven/apache-maven-3.6.3/maven-repo/org/springframework/spring-context-support/5.3.6/spring-context-support-5.3.6.jar:/Users/panyiming/Maven/apache-maven-3.6.3/maven-repo/com/sun/mail/jakarta.mail/1.6.7/jakarta.mail-1.6.7.jar:/Users/panyiming/Maven/apache-maven-3.6.3/maven-repo/com/sun/activation/jakarta.activation/1.2.2/jakarta.activation-1.2.2.jar:/Users/panyiming/Maven/apache-maven-3.6.3/maven-repo/com/aliyun/aliyun-java-sdk-core/4.5.16/aliyun-java-sdk-core-4.5.16.jar:/Users/panyiming/Maven/apache-maven-3.6.3/maven-repo/com/google/code/gson/gson/2.8.6/gson-2.8.6.jar:/Users/panyiming/Maven/apache-maven-3.6.3/maven-repo/org/apache/httpcomponents/httpclient/4.5.13/httpclient-4.5.13.jar:/Users/panyiming/Maven/apache-maven-3.6.3/maven-repo/commons-codec/commons-codec/1.15/commons-codec-1.15.jar:/Users/panyiming/Maven/apache-maven-3.6.3/maven-repo/org/apache/httpcomponents/httpcore/4.4.14/httpcore-4.4.14.jar:/Users/panyiming/Maven/apache-maven-3.6.3/maven-repo/commons-logging/commons-logging/1.2/commons-logging-1.2.jar:/Users/panyiming/Maven/apache-maven-3.6.3/maven-repo/javax/xml/bind/jaxb-api/2.3.1/jaxb-api-2.3.1.jar:/Users/panyiming/Maven/apache-maven-3.6.3/maven-repo/javax/activation/javax.activation-api/1.2.0/javax.activation-api-1.2.0.jar:/Users/panyiming/Maven/apache-maven-3.6.3/maven-repo/org/jacoco/org.jacoco.agent/0.8.6/org.jacoco.agent-0.8.6-runtime.jar:/Users/panyiming/Maven/apache-maven-3.6.3/maven-repo/org/ini4j/ini4j/0.5.4/ini4j-0.5.4.jar:/Users/panyiming/Maven/apache-maven-3.6.3/maven-repo/org/slf4j/slf4j-api/1.7.30/slf4j-api-1.7.30.jar:/Users/panyiming/Maven/apache-maven-3.6.3/maven-repo/io/opentracing/opentracing-api/0.33.0/opentracing-api-0.33.0.jar:/Users/panyiming/Maven/apache-maven-3.6.3/maven-repo/io/opentracing/opentracing-util/0.33.0/opentracing-util-0.33.0.jar:/Users/panyiming/Maven/apache-maven-3.6.3/maven-repo/io/opentracing/opentracing-noop/0.33.0/opentracing-noop-0.33.0.jar:/Users/panyiming/Maven/apache-maven-3.6.3/maven-repo/com/aliyun/aliyun-java-sdk-dysmsapi/2.1.0/aliyun-java-sdk-dysmsapi-2.1.0.jar:/Users/panyiming/Maven/apache-maven-3.6.3/maven-repo/org/projectlombok/lombok/1.18.20/lombok-1.18.20.jar:/Users/panyiming/Maven/apache-maven-3.6.3/maven-repo/com/alibaba/fastjson/1.2.76/fastjson-1.2.76.jar:/Users/panyiming/Maven/apache-maven-3.6.3/maven-repo/commons-lang/commons-lang/2.6/commons-lang-2.6.jar:/Users/panyiming/Maven/apache-maven-3.6.3/maven-repo/mysql/mysql-connector-java/8.0.23/mysql-connector-java-8.0.23.jar:/Users/panyiming/Maven/apache-maven-3.6.3/maven-repo/com/alibaba/druid-spring-boot-starter/1.1.23/druid-spring-boot-starter-1.1.23.jar:/Users/panyiming/Maven/apache-maven-3.6.3/maven-repo/com/alibaba/druid/1.1.23/druid-1.1.23.jar:"/>
    <property name="sun.cpu.endian" value="little"/>
    <property name="user.home" value="/Users/panyiming"/>
    <property name="user.language" value="zh"/>
    <property name="java.specification.vendor" value="Oracle Corporation"/>
    <property name="java.home" value="/Library/Java/JavaVirtualMachines/zulu-8.jdk/Contents/Home/jre"/>
    <property name="basedir" value="/Users/panyiming/Desktop/笔试面试/瑞吉外卖/reggie_take_out"/>
    <property name="file.separator" value="/"/>
    <property name="line.separator" value="&#10;"/>
    <property name="jdk.vendor.version" value="Zulu 8.62.0.19-CA-macos-aarch64"/>
    <property name="java.vm.specification.vendor" value="Oracle Corporation"/>
    <property name="java.specification.name" value="Java Platform API Specification"/>
    <property name="java.awt.graphicsenv" value="sun.awt.CGraphicsEnvironment"/>
    <property name="surefire.real.class.path" value="/Users/panyiming/Desktop/笔试面试/瑞吉外卖/reggie_take_out/target/surefire/surefirebooter7262857787745414399.jar"/>
    <property name="sun.boot.class.path" value="/Library/Java/JavaVirtualMachines/zulu-8.jdk/Contents/Home/jre/lib/resources.jar:/Library/Java/JavaVirtualMachines/zulu-8.jdk/Contents/Home/jre/lib/rt.jar:/Library/Java/JavaVirtualMachines/zulu-8.jdk/Contents/Home/jre/lib/sunrsasign.jar:/Library/Java/JavaVirtualMachines/zulu-8.jdk/Contents/Home/jre/lib/jsse.jar:/Library/Java/JavaVirtualMachines/zulu-8.jdk/Contents/Home/jre/lib/jce.jar:/Library/Java/JavaVirtualMachines/zulu-8.jdk/Contents/Home/jre/lib/charsets.jar:/Library/Java/JavaVirtualMachines/zulu-8.jdk/Contents/Home/jre/lib/jfr.jar:/Library/Java/JavaVirtualMachines/zulu-8.jdk/Contents/Home/jre/lib/cat.jar:/Library/Java/JavaVirtualMachines/zulu-8.jdk/Contents/Home/jre/classes"/>
    <property name="sun.management.compiler" value="HotSpot 64-Bit Tiered Compilers"/>
    <property name="ftp.nonProxyHosts" value="local|*.local|169.254/16|*.169.254/16"/>
    <property name="java.runtime.version" value="1.8.0_332-b09"/>
    <property name="user.name" value="panyiming"/>
    <property name="path.separator" value=":"/>
    <property name="os.version" value="12.3"/>
    <property name="java.endorsed.dirs" value="/Library/Java/JavaVirtualMachines/zulu-8.jdk/Contents/Home/jre/lib/endorsed"/>
    <property name="java.runtime.name" value="OpenJDK Runtime Environment"/>
    <property name="file.encoding" value="UTF-8"/>
    <property name="java.vm.name" value="OpenJDK 64-Bit Server VM"/>
    <property name="localRepository" value="/Users/panyiming/Maven/apache-maven-3.6.3/maven-repo"/>
    <property name="java.vendor.url.bug" value="http://www.azul.com/support/"/>
    <property name="java.io.tmpdir" value="/var/folders/cq/fpg_n6h52r3b4j85sg5vhfwc0000gn/T/"/>
    <property name="idea.version" value="2021.3"/>
    <property name="java.version" value="1.8.0_332"/>
    <property name="user.dir" value="/Users/panyiming/Desktop/笔试面试/瑞吉外卖/reggie_take_out"/>
    <property name="os.arch" value="aarch64"/>
    <property name="java.vm.specification.name" value="Java Virtual Machine Specification"/>
    <property name="java.awt.printerjob" value="sun.lwawt.macosx.CPrinterJob"/>
    <property name="sun.os.patch.level" value="unknown"/>
    <property name="java.library.path" value="/Users/panyiming/Library/Java/Extensions:/Library/Java/Extensions:/Network/Library/Java/Extensions:/System/Library/Java/Extensions:/usr/lib/java:."/>
    <property name="java.vm.info" value="mixed mode"/>
    <property name="java.vendor" value="Azul Systems, Inc."/>
    <property name="java.vm.version" value="25.332-b09"/>
    <property name="java.ext.dirs" value="/Users/panyiming/Library/Java/Extensions:/Library/Java/JavaVirtualMachines/zulu-8.jdk/Contents/Home/jre/lib/ext:/Library/Java/Extensions:/Network/Library/Java/Extensions:/System/Library/Java/Extensions:/usr/lib/java"/>
    <property name="sun.io.unicode.encoding" value="UnicodeBig"/>
    <property name="maven.repo.local" value="/Users/panyiming/Maven/apache-maven-3.6.3/maven-repo"/>
    <property name="java.class.version" value="52.0"/>
    <property name="socksNonProxyHosts" value="local|*.local|169.254/16|*.169.254/16"/>
  </properties>
  <testcase name="test1" classname="com.itheima.test.UploadFileTest" time="0.01"/>
</testsuite>